{"C:\\Users\\HP\\Documents\\Dion\\Hacktiv8\\Individual Project\\iproject-news-ai\\server\\app.js": {"path":"C:\\Users\\HP\\Documents\\Dion\\Hacktiv8\\Individual Project\\iproject-news-ai\\server\\app.js","statementMap":{"0":{"start":{"line":2,"column":0},"end":{"line":4,"column":1}},"1":{"start":{"line":3,"column":4},"end":{"line":3,"column":31}},"2":{"start":{"line":6,"column":16},"end":{"line":6,"column":34}},"3":{"start":{"line":7,"column":12},"end":{"line":7,"column":21}},"4":{"start":{"line":8,"column":13},"end":{"line":8,"column":28}},"5":{"start":{"line":9,"column":15},"end":{"line":9,"column":34}},"6":{"start":{"line":10,"column":21},"end":{"line":10,"column":58}},"7":{"start":{"line":13,"column":0},"end":{"line":13,"column":16}},"8":{"start":{"line":14,"column":0},"end":{"line":14,"column":48}},"9":{"start":{"line":15,"column":0},"end":{"line":15,"column":24}},"10":{"start":{"line":18,"column":0},"end":{"line":18,"column":16}},"11":{"start":{"line":21,"column":0},"end":{"line":21,"column":22}},"12":{"start":{"line":24,"column":0},"end":{"line":24,"column":21}}},"fnMap":{},"branchMap":{"0":{"loc":{"start":{"line":2,"column":0},"end":{"line":4,"column":1}},"type":"if","locations":[{"start":{"line":2,"column":0},"end":{"line":4,"column":1}},{"start":{},"end":{}}],"line":2}},"s":{"0":1,"1":1,"2":1,"3":1,"4":1,"5":1,"6":1,"7":1,"8":1,"9":1,"10":1,"11":1,"12":1},"f":{},"b":{"0":[1,0]},"_coverageSchema":"1a1c01bbd47fc00a2c39e90264f33305004495a9","hash":"85244e5445252db07ef5892ee248ef01fc7e5756"}
,"C:\\Users\\HP\\Documents\\Dion\\Hacktiv8\\Individual Project\\iproject-news-ai\\server\\controllers\\Controller.js": {"path":"C:\\Users\\HP\\Documents\\Dion\\Hacktiv8\\Individual Project\\iproject-news-ai\\server\\controllers\\Controller.js","statementMap":{"0":{"start":{"line":1,"column":27},"end":{"line":1,"column":47}},"1":{"start":{"line":2,"column":22},"end":{"line":2,"column":47}},"2":{"start":{"line":3,"column":25},"end":{"line":3,"column":55}},"3":{"start":{"line":4,"column":14},"end":{"line":4,"column":30}},"4":{"start":{"line":5,"column":31},"end":{"line":5,"column":63}},"5":{"start":{"line":10,"column":4},"end":{"line":37,"column":5}},"6":{"start":{"line":11,"column":24},"end":{"line":11,"column":32}},"7":{"start":{"line":12,"column":21},"end":{"line":12,"column":67}},"8":{"start":{"line":13,"column":6},"end":{"line":15,"column":7}},"9":{"start":{"line":14,"column":8},"end":{"line":14,"column":39}},"10":{"start":{"line":17,"column":21},"end":{"line":20,"column":8}},"11":{"start":{"line":21,"column":22},"end":{"line":21,"column":41}},"12":{"start":{"line":24,"column":30},"end":{"line":31,"column":8}},"13":{"start":{"line":33,"column":27},"end":{"line":33,"column":72}},"14":{"start":{"line":34,"column":6},"end":{"line":34,"column":70}},"15":{"start":{"line":36,"column":6},"end":{"line":36,"column":18}},"16":{"start":{"line":42,"column":4},"end":{"line":47,"column":5}},"17":{"start":{"line":43,"column":23},"end":{"line":43,"column":144}},"18":{"start":{"line":44,"column":6},"end":{"line":44,"column":42}},"19":{"start":{"line":46,"column":6},"end":{"line":46,"column":18}},"20":{"start":{"line":52,"column":4},"end":{"line":65,"column":5}},"21":{"start":{"line":53,"column":29},"end":{"line":53,"column":37}},"22":{"start":{"line":54,"column":20},"end":{"line":54,"column":70}},"23":{"start":{"line":55,"column":20},"end":{"line":55,"column":69}},"24":{"start":{"line":57,"column":21},"end":{"line":57,"column":125}},"25":{"start":{"line":59,"column":21},"end":{"line":59,"column":56}},"26":{"start":{"line":60,"column":23},"end":{"line":60,"column":44}},"27":{"start":{"line":62,"column":6},"end":{"line":62,"column":57}},"28":{"start":{"line":64,"column":6},"end":{"line":64,"column":18}},"29":{"start":{"line":70,"column":4},"end":{"line":76,"column":5}},"30":{"start":{"line":71,"column":48},"end":{"line":71,"column":56}},"31":{"start":{"line":72,"column":23},"end":{"line":72,"column":100}},"32":{"start":{"line":73,"column":6},"end":{"line":73,"column":37}},"33":{"start":{"line":75,"column":6},"end":{"line":75,"column":18}},"34":{"start":{"line":80,"column":4},"end":{"line":85,"column":5}},"35":{"start":{"line":81,"column":24},"end":{"line":81,"column":82}},"36":{"start":{"line":82,"column":6},"end":{"line":82,"column":38}},"37":{"start":{"line":84,"column":8},"end":{"line":84,"column":19}},"38":{"start":{"line":89,"column":0},"end":{"line":89,"column":28}}},"fnMap":{"0":{"name":"(anonymous_0)","decl":{"start":{"line":9,"column":2},"end":{"line":9,"column":3}},"loc":{"start":{"line":9,"column":43},"end":{"line":38,"column":3}},"line":9},"1":{"name":"(anonymous_1)","decl":{"start":{"line":41,"column":2},"end":{"line":41,"column":3}},"loc":{"start":{"line":41,"column":39},"end":{"line":48,"column":3}},"line":41},"2":{"name":"(anonymous_2)","decl":{"start":{"line":51,"column":2},"end":{"line":51,"column":3}},"loc":{"start":{"line":51,"column":44},"end":{"line":66,"column":3}},"line":51},"3":{"name":"(anonymous_3)","decl":{"start":{"line":69,"column":2},"end":{"line":69,"column":3}},"loc":{"start":{"line":69,"column":43},"end":{"line":77,"column":3}},"line":69},"4":{"name":"(anonymous_4)","decl":{"start":{"line":79,"column":2},"end":{"line":79,"column":3}},"loc":{"start":{"line":79,"column":44},"end":{"line":86,"column":3}},"line":79}},"branchMap":{"0":{"loc":{"start":{"line":13,"column":6},"end":{"line":15,"column":7}},"type":"if","locations":[{"start":{"line":13,"column":6},"end":{"line":15,"column":7}},{"start":{},"end":{}}],"line":13}},"s":{"0":1,"1":1,"2":1,"3":1,"4":1,"5":2,"6":2,"7":2,"8":2,"9":1,"10":1,"11":1,"12":1,"13":1,"14":1,"15":1,"16":1,"17":1,"18":1,"19":0,"20":1,"21":1,"22":1,"23":1,"24":1,"25":1,"26":1,"27":1,"28":0,"29":2,"30":2,"31":2,"32":1,"33":1,"34":1,"35":1,"36":1,"37":0,"38":1},"f":{"0":2,"1":1,"2":1,"3":2,"4":1},"b":{"0":[1,1]},"_coverageSchema":"1a1c01bbd47fc00a2c39e90264f33305004495a9","hash":"3d46083c7804bdce0e1103765933e8acb21bacbe"}
,"C:\\Users\\HP\\Documents\\Dion\\Hacktiv8\\Individual Project\\iproject-news-ai\\server\\helpers\\jwt.js": {"path":"C:\\Users\\HP\\Documents\\Dion\\Hacktiv8\\Individual Project\\iproject-news-ai\\server\\helpers\\jwt.js","statementMap":{"0":{"start":{"line":2,"column":12},"end":{"line":2,"column":35}},"1":{"start":{"line":3,"column":15},"end":{"line":3,"column":50}},"2":{"start":{"line":4,"column":18},"end":{"line":4,"column":56}},"3":{"start":{"line":4,"column":31},"end":{"line":4,"column":56}},"4":{"start":{"line":5,"column":20},"end":{"line":5,"column":56}},"5":{"start":{"line":5,"column":31},"end":{"line":5,"column":56}},"6":{"start":{"line":6,"column":0},"end":{"line":6,"column":44}}},"fnMap":{"0":{"name":"(anonymous_0)","decl":{"start":{"line":4,"column":18},"end":{"line":4,"column":19}},"loc":{"start":{"line":4,"column":31},"end":{"line":4,"column":56}},"line":4},"1":{"name":"(anonymous_1)","decl":{"start":{"line":5,"column":20},"end":{"line":5,"column":21}},"loc":{"start":{"line":5,"column":31},"end":{"line":5,"column":56}},"line":5}},"branchMap":{"0":{"loc":{"start":{"line":3,"column":15},"end":{"line":3,"column":50}},"type":"binary-expr","locations":[{"start":{"line":3,"column":15},"end":{"line":3,"column":37}},{"start":{"line":3,"column":41},"end":{"line":3,"column":50}}],"line":3}},"s":{"0":1,"1":1,"2":1,"3":1,"4":1,"5":5,"6":1},"f":{"0":1,"1":5},"b":{"0":[1,1]},"_coverageSchema":"1a1c01bbd47fc00a2c39e90264f33305004495a9","hash":"8a5cf3d13247e0426ae0bda1bfe4a7cefde851ce"}
,"C:\\Users\\HP\\Documents\\Dion\\Hacktiv8\\Individual Project\\iproject-news-ai\\server\\middlewares\\authentication.js": {"path":"C:\\Users\\HP\\Documents\\Dion\\Hacktiv8\\Individual Project\\iproject-news-ai\\server\\middlewares\\authentication.js","statementMap":{"0":{"start":{"line":1,"column":24},"end":{"line":1,"column":49}},"1":{"start":{"line":2,"column":17},"end":{"line":2,"column":37}},"2":{"start":{"line":5,"column":4},"end":{"line":34,"column":5}},"3":{"start":{"line":7,"column":34},"end":{"line":7,"column":45}},"4":{"start":{"line":8,"column":8},"end":{"line":10,"column":9}},"5":{"start":{"line":9,"column":12},"end":{"line":9,"column":46}},"6":{"start":{"line":13,"column":22},"end":{"line":13,"column":49}},"7":{"start":{"line":14,"column":8},"end":{"line":14,"column":54}},"8":{"start":{"line":14,"column":20},"end":{"line":14,"column":54}},"9":{"start":{"line":17,"column":24},"end":{"line":17,"column":42}},"10":{"start":{"line":20,"column":21},"end":{"line":20,"column":52}},"11":{"start":{"line":21,"column":8},"end":{"line":23,"column":9}},"12":{"start":{"line":22,"column":12},"end":{"line":22,"column":46}},"13":{"start":{"line":26,"column":8},"end":{"line":29,"column":10}},"14":{"start":{"line":31,"column":8},"end":{"line":31,"column":15}},"15":{"start":{"line":33,"column":8},"end":{"line":33,"column":20}},"16":{"start":{"line":37,"column":0},"end":{"line":37,"column":32}}},"fnMap":{"0":{"name":"authentication","decl":{"start":{"line":4,"column":15},"end":{"line":4,"column":29}},"loc":{"start":{"line":4,"column":46},"end":{"line":35,"column":1}},"line":4}},"branchMap":{"0":{"loc":{"start":{"line":8,"column":8},"end":{"line":10,"column":9}},"type":"if","locations":[{"start":{"line":8,"column":8},"end":{"line":10,"column":9}},{"start":{},"end":{}}],"line":8},"1":{"loc":{"start":{"line":14,"column":8},"end":{"line":14,"column":54}},"type":"if","locations":[{"start":{"line":14,"column":8},"end":{"line":14,"column":54}},{"start":{},"end":{}}],"line":14},"2":{"loc":{"start":{"line":21,"column":8},"end":{"line":23,"column":9}},"type":"if","locations":[{"start":{"line":21,"column":8},"end":{"line":23,"column":9}},{"start":{},"end":{}}],"line":21}},"s":{"0":1,"1":1,"2":6,"3":6,"4":6,"5":1,"6":5,"7":5,"8":0,"9":5,"10":4,"11":4,"12":0,"13":4,"14":4,"15":2,"16":1},"f":{"0":6},"b":{"0":[1,5],"1":[0,5],"2":[0,4]},"_coverageSchema":"1a1c01bbd47fc00a2c39e90264f33305004495a9","hash":"e7301b9a81d15043bb2261641cdc9b9be25d2cbf"}
,"C:\\Users\\HP\\Documents\\Dion\\Hacktiv8\\Individual Project\\iproject-news-ai\\server\\middlewares\\errorHandler.js": {"path":"C:\\Users\\HP\\Documents\\Dion\\Hacktiv8\\Individual Project\\iproject-news-ai\\server\\middlewares\\errorHandler.js","statementMap":{"0":{"start":{"line":2,"column":4},"end":{"line":2,"column":21}},"1":{"start":{"line":4,"column":17},"end":{"line":4,"column":20}},"2":{"start":{"line":5,"column":18},"end":{"line":5,"column":41}},"3":{"start":{"line":7,"column":4},"end":{"line":19,"column":5}},"4":{"start":{"line":8,"column":8},"end":{"line":8,"column":21}},"5":{"start":{"line":9,"column":8},"end":{"line":9,"column":40}},"6":{"start":{"line":10,"column":11},"end":{"line":19,"column":5}},"7":{"start":{"line":11,"column":8},"end":{"line":11,"column":21}},"8":{"start":{"line":12,"column":8},"end":{"line":12,"column":46}},"9":{"start":{"line":13,"column":11},"end":{"line":19,"column":5}},"10":{"start":{"line":14,"column":8},"end":{"line":14,"column":21}},"11":{"start":{"line":15,"column":8},"end":{"line":15,"column":39}},"12":{"start":{"line":16,"column":11},"end":{"line":19,"column":5}},"13":{"start":{"line":17,"column":8},"end":{"line":17,"column":21}},"14":{"start":{"line":18,"column":8},"end":{"line":18,"column":35}},"15":{"start":{"line":21,"column":4},"end":{"line":21,"column":41}},"16":{"start":{"line":24,"column":0},"end":{"line":24,"column":30}}},"fnMap":{"0":{"name":"errorHandler","decl":{"start":{"line":1,"column":9},"end":{"line":1,"column":21}},"loc":{"start":{"line":1,"column":43},"end":{"line":22,"column":1}},"line":1}},"branchMap":{"0":{"loc":{"start":{"line":7,"column":4},"end":{"line":19,"column":5}},"type":"if","locations":[{"start":{"line":7,"column":4},"end":{"line":19,"column":5}},{"start":{"line":10,"column":11},"end":{"line":19,"column":5}}],"line":7},"1":{"loc":{"start":{"line":7,"column":8},"end":{"line":7,"column":96}},"type":"binary-expr","locations":[{"start":{"line":7,"column":8},"end":{"line":7,"column":47}},{"start":{"line":7,"column":51},"end":{"line":7,"column":96}}],"line":7},"2":{"loc":{"start":{"line":10,"column":11},"end":{"line":19,"column":5}},"type":"if","locations":[{"start":{"line":10,"column":11},"end":{"line":19,"column":5}},{"start":{"line":13,"column":11},"end":{"line":19,"column":5}}],"line":10},"3":{"loc":{"start":{"line":13,"column":11},"end":{"line":19,"column":5}},"type":"if","locations":[{"start":{"line":13,"column":11},"end":{"line":19,"column":5}},{"start":{"line":16,"column":11},"end":{"line":19,"column":5}}],"line":13},"4":{"loc":{"start":{"line":13,"column":15},"end":{"line":13,"column":81}},"type":"binary-expr","locations":[{"start":{"line":13,"column":15},"end":{"line":13,"column":45}},{"start":{"line":13,"column":49},"end":{"line":13,"column":81}}],"line":13},"5":{"loc":{"start":{"line":16,"column":11},"end":{"line":19,"column":5}},"type":"if","locations":[{"start":{"line":16,"column":11},"end":{"line":19,"column":5}},{"start":{},"end":{}}],"line":16}},"s":{"0":4,"1":4,"2":4,"3":4,"4":1,"5":1,"6":3,"7":0,"8":0,"9":3,"10":2,"11":2,"12":1,"13":0,"14":0,"15":4,"16":1},"f":{"0":4},"b":{"0":[1,3],"1":[4,3],"2":[0,3],"3":[2,1],"4":[3,2],"5":[0,1]},"_coverageSchema":"1a1c01bbd47fc00a2c39e90264f33305004495a9","hash":"33e8ac71d13651701aca6f0e5e99120b7af5cf8e"}
,"C:\\Users\\HP\\Documents\\Dion\\Hacktiv8\\Individual Project\\iproject-news-ai\\server\\models\\bookmark.js": {"path":"C:\\Users\\HP\\Documents\\Dion\\Hacktiv8\\Individual Project\\iproject-news-ai\\server\\models\\bookmark.js","statementMap":{"0":{"start":{"line":2,"column":18},"end":{"line":2,"column":38}},"1":{"start":{"line":4,"column":0},"end":{"line":32,"column":2}},"2":{"start":{"line":9,"column":6},"end":{"line":9,"column":64}},"3":{"start":{"line":13,"column":2},"end":{"line":30,"column":5}},"4":{"start":{"line":31,"column":2},"end":{"line":31,"column":18}}},"fnMap":{"0":{"name":"(anonymous_0)","decl":{"start":{"line":4,"column":17},"end":{"line":4,"column":18}},"loc":{"start":{"line":4,"column":43},"end":{"line":32,"column":1}},"line":4},"1":{"name":"(anonymous_1)","decl":{"start":{"line":6,"column":4},"end":{"line":6,"column":5}},"loc":{"start":{"line":6,"column":29},"end":{"line":10,"column":5}},"line":6}},"branchMap":{},"s":{"0":1,"1":1,"2":1,"3":1,"4":1},"f":{"0":1,"1":1},"b":{},"_coverageSchema":"1a1c01bbd47fc00a2c39e90264f33305004495a9","hash":"26eb28fd4642e4a4a3f75790b0e7ddd639421357"}
,"C:\\Users\\HP\\Documents\\Dion\\Hacktiv8\\Individual Project\\iproject-news-ai\\server\\models\\index.js": {"path":"C:\\Users\\HP\\Documents\\Dion\\Hacktiv8\\Individual Project\\iproject-news-ai\\server\\models\\index.js","statementMap":{"0":{"start":{"line":3,"column":11},"end":{"line":3,"column":24}},"1":{"start":{"line":4,"column":13},"end":{"line":4,"column":28}},"2":{"start":{"line":5,"column":18},"end":{"line":5,"column":38}},"3":{"start":{"line":6,"column":16},"end":{"line":6,"column":34}},"4":{"start":{"line":7,"column":17},"end":{"line":7,"column":42}},"5":{"start":{"line":8,"column":12},"end":{"line":8,"column":49}},"6":{"start":{"line":9,"column":15},"end":{"line":9,"column":65}},"7":{"start":{"line":10,"column":11},"end":{"line":10,"column":13}},"8":{"start":{"line":13,"column":0},"end":{"line":17,"column":1}},"9":{"start":{"line":14,"column":2},"end":{"line":14,"column":74}},"10":{"start":{"line":16,"column":2},"end":{"line":16,"column":87}},"11":{"start":{"line":19,"column":0},"end":{"line":32,"column":5}},"12":{"start":{"line":22,"column":4},"end":{"line":27,"column":6}},"13":{"start":{"line":30,"column":18},"end":{"line":30,"column":85}},"14":{"start":{"line":31,"column":4},"end":{"line":31,"column":27}},"15":{"start":{"line":34,"column":0},"end":{"line":38,"column":3}},"16":{"start":{"line":35,"column":2},"end":{"line":37,"column":3}},"17":{"start":{"line":36,"column":4},"end":{"line":36,"column":32}},"18":{"start":{"line":40,"column":0},"end":{"line":40,"column":25}},"19":{"start":{"line":41,"column":0},"end":{"line":41,"column":25}},"20":{"start":{"line":43,"column":0},"end":{"line":43,"column":20}}},"fnMap":{"0":{"name":"(anonymous_0)","decl":{"start":{"line":21,"column":10},"end":{"line":21,"column":11}},"loc":{"start":{"line":21,"column":18},"end":{"line":28,"column":3}},"line":21},"1":{"name":"(anonymous_1)","decl":{"start":{"line":29,"column":11},"end":{"line":29,"column":12}},"loc":{"start":{"line":29,"column":19},"end":{"line":32,"column":3}},"line":29},"2":{"name":"(anonymous_2)","decl":{"start":{"line":34,"column":24},"end":{"line":34,"column":25}},"loc":{"start":{"line":34,"column":37},"end":{"line":38,"column":1}},"line":34}},"branchMap":{"0":{"loc":{"start":{"line":8,"column":12},"end":{"line":8,"column":49}},"type":"binary-expr","locations":[{"start":{"line":8,"column":12},"end":{"line":8,"column":32}},{"start":{"line":8,"column":36},"end":{"line":8,"column":49}}],"line":8},"1":{"loc":{"start":{"line":13,"column":0},"end":{"line":17,"column":1}},"type":"if","locations":[{"start":{"line":13,"column":0},"end":{"line":17,"column":1}},{"start":{"line":15,"column":7},"end":{"line":17,"column":1}}],"line":13},"2":{"loc":{"start":{"line":23,"column":6},"end":{"line":26,"column":37}},"type":"binary-expr","locations":[{"start":{"line":23,"column":6},"end":{"line":23,"column":29}},{"start":{"line":24,"column":6},"end":{"line":24,"column":23}},{"start":{"line":25,"column":6},"end":{"line":25,"column":30}},{"start":{"line":26,"column":6},"end":{"line":26,"column":37}}],"line":23},"3":{"loc":{"start":{"line":35,"column":2},"end":{"line":37,"column":3}},"type":"if","locations":[{"start":{"line":35,"column":2},"end":{"line":37,"column":3}},{"start":{},"end":{}}],"line":35}},"s":{"0":1,"1":1,"2":1,"3":1,"4":1,"5":1,"6":1,"7":1,"8":1,"9":0,"10":1,"11":1,"12":3,"13":2,"14":2,"15":1,"16":2,"17":2,"18":1,"19":1,"20":1},"f":{"0":3,"1":2,"2":2},"b":{"0":[1,0],"1":[0,1],"2":[3,3,2,2],"3":[2,0]},"_coverageSchema":"1a1c01bbd47fc00a2c39e90264f33305004495a9","hash":"1e3c78c1885d8369e6b1a6b236a3490ad3dc60ed"}
,"C:\\Users\\HP\\Documents\\Dion\\Hacktiv8\\Individual Project\\iproject-news-ai\\server\\models\\user.js": {"path":"C:\\Users\\HP\\Documents\\Dion\\Hacktiv8\\Individual Project\\iproject-news-ai\\server\\models\\user.js","statementMap":{"0":{"start":{"line":2,"column":18},"end":{"line":2,"column":38}},"1":{"start":{"line":3,"column":15},"end":{"line":3,"column":34}},"2":{"start":{"line":5,"column":0},"end":{"line":45,"column":2}},"3":{"start":{"line":10,"column":6},"end":{"line":10,"column":62}},"4":{"start":{"line":14,"column":2},"end":{"line":43,"column":5}},"5":{"start":{"line":39,"column":21},"end":{"line":39,"column":43}},"6":{"start":{"line":40,"column":8},"end":{"line":40,"column":61}},"7":{"start":{"line":44,"column":2},"end":{"line":44,"column":14}}},"fnMap":{"0":{"name":"(anonymous_0)","decl":{"start":{"line":5,"column":17},"end":{"line":5,"column":18}},"loc":{"start":{"line":5,"column":43},"end":{"line":45,"column":1}},"line":5},"1":{"name":"(anonymous_1)","decl":{"start":{"line":7,"column":4},"end":{"line":7,"column":5}},"loc":{"start":{"line":7,"column":29},"end":{"line":11,"column":5}},"line":7},"2":{"name":"(anonymous_2)","decl":{"start":{"line":38,"column":6},"end":{"line":38,"column":7}},"loc":{"start":{"line":38,"column":25},"end":{"line":41,"column":7}},"line":38}},"branchMap":{},"s":{"0":1,"1":1,"2":1,"3":1,"4":1,"5":1,"6":1,"7":1},"f":{"0":1,"1":1,"2":1},"b":{},"_coverageSchema":"1a1c01bbd47fc00a2c39e90264f33305004495a9","hash":"9da99efd332665e75c0dbeb1ced34ed926f02890"}
,"C:\\Users\\HP\\Documents\\Dion\\Hacktiv8\\Individual Project\\iproject-news-ai\\server\\routes\\index.js": {"path":"C:\\Users\\HP\\Documents\\Dion\\Hacktiv8\\Individual Project\\iproject-news-ai\\server\\routes\\index.js","statementMap":{"0":{"start":{"line":1,"column":16},"end":{"line":1,"column":34}},"1":{"start":{"line":2,"column":15},"end":{"line":2,"column":31}},"2":{"start":{"line":3,"column":19},"end":{"line":3,"column":55}},"3":{"start":{"line":4,"column":23},"end":{"line":4,"column":63}},"4":{"start":{"line":7,"column":0},"end":{"line":7,"column":95}},"5":{"start":{"line":7,"column":30},"end":{"line":7,"column":93}},"6":{"start":{"line":10,"column":0},"end":{"line":10,"column":53}},"7":{"start":{"line":17,"column":0},"end":{"line":17,"column":40}},"8":{"start":{"line":20,"column":0},"end":{"line":20,"column":27}},"9":{"start":{"line":25,"column":0},"end":{"line":25,"column":52}},"10":{"start":{"line":28,"column":0},"end":{"line":28,"column":50}},"11":{"start":{"line":29,"column":0},"end":{"line":29,"column":50}},"12":{"start":{"line":32,"column":0},"end":{"line":32,"column":24}}},"fnMap":{"0":{"name":"(anonymous_0)","decl":{"start":{"line":7,"column":16},"end":{"line":7,"column":17}},"loc":{"start":{"line":7,"column":30},"end":{"line":7,"column":93}},"line":7}},"branchMap":{},"s":{"0":1,"1":1,"2":1,"3":1,"4":1,"5":0,"6":1,"7":1,"8":1,"9":1,"10":1,"11":1,"12":1},"f":{"0":0},"b":{},"_coverageSchema":"1a1c01bbd47fc00a2c39e90264f33305004495a9","hash":"6132ecaa32e8b208cfe9b111e2eb5264432f3927"}
}
