{"C:\\Users\\HP\\Documents\\Dion\\Hacktiv8\\Individual Project\\iproject-news-ai\\server\\app.js": {"path":"C:\\Users\\HP\\Documents\\Dion\\Hacktiv8\\Individual Project\\iproject-news-ai\\server\\app.js","statementMap":{"0":{"start":{"line":1,"column":0},"end":{"line":3,"column":1}},"1":{"start":{"line":2,"column":4},"end":{"line":2,"column":31}},"2":{"start":{"line":6,"column":16},"end":{"line":6,"column":34}},"3":{"start":{"line":7,"column":12},"end":{"line":7,"column":21}},"4":{"start":{"line":8,"column":13},"end":{"line":8,"column":28}},"5":{"start":{"line":9,"column":15},"end":{"line":9,"column":34}},"6":{"start":{"line":10,"column":21},"end":{"line":10,"column":58}},"7":{"start":{"line":12,"column":0},"end":{"line":12,"column":16}},"8":{"start":{"line":13,"column":0},"end":{"line":13,"column":48}},"9":{"start":{"line":14,"column":0},"end":{"line":14,"column":24}},"10":{"start":{"line":16,"column":0},"end":{"line":16,"column":16}},"11":{"start":{"line":18,"column":0},"end":{"line":18,"column":22}},"12":{"start":{"line":20,"column":0},"end":{"line":20,"column":21}}},"fnMap":{},"branchMap":{"0":{"loc":{"start":{"line":1,"column":0},"end":{"line":3,"column":1}},"type":"if","locations":[{"start":{"line":1,"column":0},"end":{"line":3,"column":1}},{"start":{},"end":{}}],"line":1}},"s":{"0":1,"1":1,"2":1,"3":1,"4":1,"5":1,"6":1,"7":1,"8":1,"9":1,"10":1,"11":1,"12":1},"f":{},"b":{"0":[1,0]},"_coverageSchema":"1a1c01bbd47fc00a2c39e90264f33305004495a9","hash":"614caf417a8728098631f4e793511ff081e73856"}
,"C:\\Users\\HP\\Documents\\Dion\\Hacktiv8\\Individual Project\\iproject-news-ai\\server\\controllers\\Controller.js": {"path":"C:\\Users\\HP\\Documents\\Dion\\Hacktiv8\\Individual Project\\iproject-news-ai\\server\\controllers\\Controller.js","statementMap":{"0":{"start":{"line":1,"column":27},"end":{"line":1,"column":47}},"1":{"start":{"line":2,"column":22},"end":{"line":2,"column":47}},"2":{"start":{"line":3,"column":25},"end":{"line":3,"column":55}},"3":{"start":{"line":4,"column":14},"end":{"line":4,"column":30}},"4":{"start":{"line":5,"column":15},"end":{"line":5,"column":34}},"5":{"start":{"line":6,"column":31},"end":{"line":6,"column":63}},"6":{"start":{"line":13,"column":4},"end":{"line":33,"column":5}},"7":{"start":{"line":14,"column":44},"end":{"line":14,"column":52}},"8":{"start":{"line":16,"column":22},"end":{"line":21,"column":8}},"9":{"start":{"line":23,"column":6},"end":{"line":23,"column":69}},"10":{"start":{"line":25,"column":6},"end":{"line":25,"column":25}},"11":{"start":{"line":26,"column":6},"end":{"line":28,"column":7}},"12":{"start":{"line":27,"column":8},"end":{"line":27,"column":74}},"13":{"start":{"line":29,"column":6},"end":{"line":31,"column":7}},"14":{"start":{"line":30,"column":8},"end":{"line":30,"column":74}},"15":{"start":{"line":32,"column":6},"end":{"line":32,"column":65}},"16":{"start":{"line":38,"column":4},"end":{"line":60,"column":5}},"17":{"start":{"line":39,"column":34},"end":{"line":39,"column":42}},"18":{"start":{"line":40,"column":6},"end":{"line":40,"column":62}},"19":{"start":{"line":40,"column":31},"end":{"line":40,"column":62}},"20":{"start":{"line":42,"column":19},"end":{"line":42,"column":59}},"21":{"start":{"line":43,"column":6},"end":{"line":43,"column":47}},"22":{"start":{"line":43,"column":17},"end":{"line":43,"column":47}},"23":{"start":{"line":45,"column":30},"end":{"line":45,"column":73}},"24":{"start":{"line":46,"column":6},"end":{"line":46,"column":58}},"25":{"start":{"line":46,"column":28},"end":{"line":46,"column":58}},"26":{"start":{"line":48,"column":27},"end":{"line":48,"column":72}},"27":{"start":{"line":50,"column":6},"end":{"line":55,"column":9}},"28":{"start":{"line":57,"column":6},"end":{"line":58,"column":73}},"29":{"start":{"line":58,"column":8},"end":{"line":58,"column":73}},"30":{"start":{"line":59,"column":6},"end":{"line":59,"column":65}},"31":{"start":{"line":65,"column":4},"end":{"line":94,"column":5}},"32":{"start":{"line":66,"column":24},"end":{"line":66,"column":32}},"33":{"start":{"line":67,"column":21},"end":{"line":67,"column":67}},"34":{"start":{"line":68,"column":21},"end":{"line":71,"column":8}},"35":{"start":{"line":72,"column":22},"end":{"line":72,"column":41}},"36":{"start":{"line":74,"column":30},"end":{"line":82,"column":8}},"37":{"start":{"line":84,"column":27},"end":{"line":84,"column":72}},"38":{"start":{"line":85,"column":6},"end":{"line":90,"column":9}},"39":{"start":{"line":92,"column":6},"end":{"line":92,"column":25}},"40":{"start":{"line":93,"column":6},"end":{"line":93,"column":62}},"41":{"start":{"line":100,"column":4},"end":{"line":166,"column":5}},"42":{"start":{"line":101,"column":40},"end":{"line":101,"column":49}},"43":{"start":{"line":103,"column":19},"end":{"line":103,"column":132}},"44":{"start":{"line":105,"column":6},"end":{"line":109,"column":7}},"45":{"start":{"line":106,"column":8},"end":{"line":106,"column":131}},"46":{"start":{"line":107,"column":13},"end":{"line":109,"column":7}},"47":{"start":{"line":108,"column":8},"end":{"line":108,"column":39}},"48":{"start":{"line":111,"column":23},"end":{"line":111,"column":46}},"49":{"start":{"line":113,"column":23},"end":{"line":121,"column":9}},"50":{"start":{"line":113,"column":59},"end":{"line":121,"column":7}},"51":{"start":{"line":123,"column":6},"end":{"line":123,"column":37}},"52":{"start":{"line":125,"column":6},"end":{"line":125,"column":64}},"53":{"start":{"line":129,"column":23},"end":{"line":163,"column":7}},"54":{"start":{"line":165,"column":6},"end":{"line":165,"column":37}},"55":{"start":{"line":170,"column":4},"end":{"line":200,"column":5}},"56":{"start":{"line":171,"column":29},"end":{"line":171,"column":37}},"57":{"start":{"line":174,"column":6},"end":{"line":174,"column":65}},"58":{"start":{"line":174,"column":39},"end":{"line":174,"column":65}},"59":{"start":{"line":176,"column":20},"end":{"line":176,"column":70}},"60":{"start":{"line":177,"column":20},"end":{"line":177,"column":75}},"61":{"start":{"line":179,"column":21},"end":{"line":182,"column":47}},"62":{"start":{"line":183,"column":21},"end":{"line":183,"column":56}},"63":{"start":{"line":184,"column":23},"end":{"line":184,"column":44}},"64":{"start":{"line":186,"column":6},"end":{"line":186,"column":57}},"65":{"start":{"line":188,"column":6},"end":{"line":188,"column":66}},"66":{"start":{"line":192,"column":26},"end":{"line":197,"column":7}},"67":{"start":{"line":199,"column":6},"end":{"line":199,"column":53}},"68":{"start":{"line":205,"column":4},"end":{"line":232,"column":5}},"69":{"start":{"line":206,"column":41},"end":{"line":206,"column":49}},"70":{"start":{"line":209,"column":31},"end":{"line":214,"column":8}},"71":{"start":{"line":216,"column":6},"end":{"line":220,"column":7}},"72":{"start":{"line":217,"column":8},"end":{"line":219,"column":70}},"73":{"start":{"line":222,"column":23},"end":{"line":227,"column":8}},"74":{"start":{"line":229,"column":6},"end":{"line":229,"column":37}},"75":{"start":{"line":231,"column":6},"end":{"line":231,"column":68}},"76":{"start":{"line":236,"column":4},"end":{"line":244,"column":5}},"77":{"start":{"line":237,"column":24},"end":{"line":240,"column":8}},"78":{"start":{"line":241,"column":6},"end":{"line":241,"column":38}},"79":{"start":{"line":243,"column":6},"end":{"line":243,"column":68}},"80":{"start":{"line":248,"column":4},"end":{"line":254,"column":5}},"81":{"start":{"line":249,"column":21},"end":{"line":249,"column":31}},"82":{"start":{"line":250,"column":6},"end":{"line":250,"column":69}},"83":{"start":{"line":251,"column":6},"end":{"line":251,"column":60}},"84":{"start":{"line":253,"column":6},"end":{"line":253,"column":67}},"85":{"start":{"line":260,"column":4},"end":{"line":268,"column":5}},"86":{"start":{"line":261,"column":37},"end":{"line":261,"column":45}},"87":{"start":{"line":263,"column":6},"end":{"line":263,"column":80}},"88":{"start":{"line":265,"column":6},"end":{"line":265,"column":79}},"89":{"start":{"line":267,"column":6},"end":{"line":267,"column":66}},"90":{"start":{"line":272,"column":0},"end":{"line":272,"column":28}}},"fnMap":{"0":{"name":"(anonymous_0)","decl":{"start":{"line":12,"column":2},"end":{"line":12,"column":3}},"loc":{"start":{"line":12,"column":40},"end":{"line":34,"column":3}},"line":12},"1":{"name":"(anonymous_1)","decl":{"start":{"line":37,"column":2},"end":{"line":37,"column":3}},"loc":{"start":{"line":37,"column":37},"end":{"line":61,"column":3}},"line":37},"2":{"name":"(anonymous_2)","decl":{"start":{"line":64,"column":2},"end":{"line":64,"column":3}},"loc":{"start":{"line":64,"column":43},"end":{"line":95,"column":3}},"line":64},"3":{"name":"(anonymous_3)","decl":{"start":{"line":99,"column":2},"end":{"line":99,"column":3}},"loc":{"start":{"line":99,"column":39},"end":{"line":167,"column":3}},"line":99},"4":{"name":"(anonymous_4)","decl":{"start":{"line":113,"column":41},"end":{"line":113,"column":42}},"loc":{"start":{"line":113,"column":59},"end":{"line":121,"column":7}},"line":113},"5":{"name":"(anonymous_5)","decl":{"start":{"line":169,"column":2},"end":{"line":169,"column":3}},"loc":{"start":{"line":169,"column":44},"end":{"line":201,"column":3}},"line":169},"6":{"name":"(anonymous_6)","decl":{"start":{"line":204,"column":2},"end":{"line":204,"column":3}},"loc":{"start":{"line":204,"column":43},"end":{"line":233,"column":3}},"line":204},"7":{"name":"(anonymous_7)","decl":{"start":{"line":235,"column":2},"end":{"line":235,"column":3}},"loc":{"start":{"line":235,"column":44},"end":{"line":245,"column":3}},"line":235},"8":{"name":"(anonymous_8)","decl":{"start":{"line":247,"column":2},"end":{"line":247,"column":3}},"loc":{"start":{"line":247,"column":46},"end":{"line":255,"column":3}},"line":247},"9":{"name":"(anonymous_9)","decl":{"start":{"line":259,"column":2},"end":{"line":259,"column":3}},"loc":{"start":{"line":259,"column":45},"end":{"line":269,"column":3}},"line":259}},"branchMap":{"0":{"loc":{"start":{"line":26,"column":6},"end":{"line":28,"column":7}},"type":"if","locations":[{"start":{"line":26,"column":6},"end":{"line":28,"column":7}},{"start":{},"end":{}}],"line":26},"1":{"loc":{"start":{"line":29,"column":6},"end":{"line":31,"column":7}},"type":"if","locations":[{"start":{"line":29,"column":6},"end":{"line":31,"column":7}},{"start":{},"end":{}}],"line":29},"2":{"loc":{"start":{"line":40,"column":6},"end":{"line":40,"column":62}},"type":"if","locations":[{"start":{"line":40,"column":6},"end":{"line":40,"column":62}},{"start":{},"end":{}}],"line":40},"3":{"loc":{"start":{"line":40,"column":10},"end":{"line":40,"column":29}},"type":"binary-expr","locations":[{"start":{"line":40,"column":10},"end":{"line":40,"column":16}},{"start":{"line":40,"column":20},"end":{"line":40,"column":29}}],"line":40},"4":{"loc":{"start":{"line":43,"column":6},"end":{"line":43,"column":47}},"type":"if","locations":[{"start":{"line":43,"column":6},"end":{"line":43,"column":47}},{"start":{},"end":{}}],"line":43},"5":{"loc":{"start":{"line":46,"column":6},"end":{"line":46,"column":58}},"type":"if","locations":[{"start":{"line":46,"column":6},"end":{"line":46,"column":58}},{"start":{},"end":{}}],"line":46},"6":{"loc":{"start":{"line":57,"column":6},"end":{"line":58,"column":73}},"type":"if","locations":[{"start":{"line":57,"column":6},"end":{"line":58,"column":73}},{"start":{},"end":{}}],"line":57},"7":{"loc":{"start":{"line":101,"column":27},"end":{"line":101,"column":35}},"type":"default-arg","locations":[{"start":{"line":101,"column":34},"end":{"line":101,"column":35}}],"line":101},"8":{"loc":{"start":{"line":105,"column":6},"end":{"line":109,"column":7}},"type":"if","locations":[{"start":{"line":105,"column":6},"end":{"line":109,"column":7}},{"start":{"line":107,"column":13},"end":{"line":109,"column":7}}],"line":105},"9":{"loc":{"start":{"line":107,"column":13},"end":{"line":109,"column":7}},"type":"if","locations":[{"start":{"line":107,"column":13},"end":{"line":109,"column":7}},{"start":{},"end":{}}],"line":107},"10":{"loc":{"start":{"line":107,"column":17},"end":{"line":107,"column":47}},"type":"binary-expr","locations":[{"start":{"line":107,"column":17},"end":{"line":107,"column":25}},{"start":{"line":107,"column":29},"end":{"line":107,"column":47}}],"line":107},"11":{"loc":{"start":{"line":174,"column":6},"end":{"line":174,"column":65}},"type":"if","locations":[{"start":{"line":174,"column":6},"end":{"line":174,"column":65}},{"start":{},"end":{}}],"line":174},"12":{"loc":{"start":{"line":216,"column":6},"end":{"line":220,"column":7}},"type":"if","locations":[{"start":{"line":216,"column":6},"end":{"line":220,"column":7}},{"start":{},"end":{}}],"line":216}},"s":{"0":1,"1":1,"2":1,"3":1,"4":1,"5":1,"6":7,"7":7,"8":7,"9":1,"10":6,"11":6,"12":0,"13":6,"14":4,"15":2,"16":7,"17":7,"18":7,"19":3,"20":4,"21":4,"22":2,"23":2,"24":2,"25":1,"26":1,"27":1,"28":6,"29":3,"30":3,"31":2,"32":2,"33":2,"34":2,"35":1,"36":1,"37":1,"38":1,"39":1,"40":1,"41":6,"42":6,"43":6,"44":6,"45":2,"46":4,"47":1,"48":6,"49":5,"50":5,"51":5,"52":1,"53":1,"54":1,"55":3,"56":3,"57":3,"58":1,"59":2,"60":2,"61":2,"62":2,"63":1,"64":1,"65":2,"66":2,"67":2,"68":3,"69":3,"70":3,"71":2,"72":1,"73":1,"74":1,"75":1,"76":3,"77":3,"78":2,"79":1,"80":3,"81":3,"82":3,"83":2,"84":1,"85":4,"86":4,"87":4,"88":3,"89":1,"90":1},"f":{"0":7,"1":7,"2":2,"3":6,"4":5,"5":3,"6":3,"7":3,"8":3,"9":4},"b":{"0":[0,6],"1":[4,2],"2":[3,4],"3":[7,5],"4":[2,2],"5":[1,1],"6":[3,3],"7":[5],"8":[2,4],"9":[1,3],"10":[4,2],"11":[1,2],"12":[1,1]},"_coverageSchema":"1a1c01bbd47fc00a2c39e90264f33305004495a9","hash":"6e2db1f745a63758fd516568a12bd2c64782f2f6"}
,"C:\\Users\\HP\\Documents\\Dion\\Hacktiv8\\Individual Project\\iproject-news-ai\\server\\helpers\\jwt.js": {"path":"C:\\Users\\HP\\Documents\\Dion\\Hacktiv8\\Individual Project\\iproject-news-ai\\server\\helpers\\jwt.js","statementMap":{"0":{"start":{"line":1,"column":12},"end":{"line":1,"column":35}},"1":{"start":{"line":2,"column":15},"end":{"line":2,"column":37}},"2":{"start":{"line":4,"column":0},"end":{"line":6,"column":1}},"3":{"start":{"line":5,"column":2},"end":{"line":5,"column":64}},"4":{"start":{"line":7,"column":18},"end":{"line":7,"column":56}},"5":{"start":{"line":7,"column":31},"end":{"line":7,"column":56}},"6":{"start":{"line":8,"column":20},"end":{"line":8,"column":56}},"7":{"start":{"line":8,"column":31},"end":{"line":8,"column":56}},"8":{"start":{"line":9,"column":0},"end":{"line":9,"column":44}}},"fnMap":{"0":{"name":"(anonymous_0)","decl":{"start":{"line":7,"column":18},"end":{"line":7,"column":19}},"loc":{"start":{"line":7,"column":31},"end":{"line":7,"column":56}},"line":7},"1":{"name":"(anonymous_1)","decl":{"start":{"line":8,"column":20},"end":{"line":8,"column":21}},"loc":{"start":{"line":8,"column":31},"end":{"line":8,"column":56}},"line":8}},"branchMap":{"0":{"loc":{"start":{"line":4,"column":0},"end":{"line":6,"column":1}},"type":"if","locations":[{"start":{"line":4,"column":0},"end":{"line":6,"column":1}},{"start":{},"end":{}}],"line":4}},"s":{"0":1,"1":1,"2":1,"3":0,"4":1,"5":5,"6":1,"7":19,"8":1},"f":{"0":5,"1":19},"b":{"0":[0,1]},"_coverageSchema":"1a1c01bbd47fc00a2c39e90264f33305004495a9","hash":"5acf65be9e07bada6dc58a9af0e35e45ff33f66a"}
,"C:\\Users\\HP\\Documents\\Dion\\Hacktiv8\\Individual Project\\iproject-news-ai\\server\\middlewares\\authentication.js": {"path":"C:\\Users\\HP\\Documents\\Dion\\Hacktiv8\\Individual Project\\iproject-news-ai\\server\\middlewares\\authentication.js","statementMap":{"0":{"start":{"line":1,"column":24},"end":{"line":1,"column":49}},"1":{"start":{"line":2,"column":17},"end":{"line":2,"column":37}},"2":{"start":{"line":5,"column":4},"end":{"line":39,"column":5}},"3":{"start":{"line":7,"column":34},"end":{"line":7,"column":45}},"4":{"start":{"line":8,"column":8},"end":{"line":10,"column":9}},"5":{"start":{"line":9,"column":12},"end":{"line":9,"column":46}},"6":{"start":{"line":14,"column":30},"end":{"line":14,"column":54}},"7":{"start":{"line":17,"column":8},"end":{"line":19,"column":9}},"8":{"start":{"line":18,"column":12},"end":{"line":18,"column":46}},"9":{"start":{"line":22,"column":24},"end":{"line":22,"column":42}},"10":{"start":{"line":25,"column":21},"end":{"line":25,"column":52}},"11":{"start":{"line":26,"column":8},"end":{"line":28,"column":9}},"12":{"start":{"line":27,"column":12},"end":{"line":27,"column":46}},"13":{"start":{"line":31,"column":8},"end":{"line":34,"column":10}},"14":{"start":{"line":36,"column":8},"end":{"line":36,"column":15}},"15":{"start":{"line":38,"column":8},"end":{"line":38,"column":20}},"16":{"start":{"line":42,"column":0},"end":{"line":42,"column":32}}},"fnMap":{"0":{"name":"authentication","decl":{"start":{"line":4,"column":15},"end":{"line":4,"column":29}},"loc":{"start":{"line":4,"column":46},"end":{"line":40,"column":1}},"line":4}},"branchMap":{"0":{"loc":{"start":{"line":8,"column":8},"end":{"line":10,"column":9}},"type":"if","locations":[{"start":{"line":8,"column":8},"end":{"line":10,"column":9}},{"start":{},"end":{}}],"line":8},"1":{"loc":{"start":{"line":17,"column":8},"end":{"line":19,"column":9}},"type":"if","locations":[{"start":{"line":17,"column":8},"end":{"line":19,"column":9}},{"start":{},"end":{}}],"line":17},"2":{"loc":{"start":{"line":17,"column":12},"end":{"line":17,"column":39}},"type":"binary-expr","locations":[{"start":{"line":17,"column":12},"end":{"line":17,"column":29}},{"start":{"line":17,"column":33},"end":{"line":17,"column":39}}],"line":17},"3":{"loc":{"start":{"line":26,"column":8},"end":{"line":28,"column":9}},"type":"if","locations":[{"start":{"line":26,"column":8},"end":{"line":28,"column":9}},{"start":{},"end":{}}],"line":26}},"s":{"0":1,"1":1,"2":23,"3":23,"4":23,"5":2,"6":21,"7":21,"8":2,"9":19,"10":17,"11":17,"12":1,"13":16,"14":16,"15":7,"16":1},"f":{"0":23},"b":{"0":[2,21],"1":[2,19],"2":[21,19],"3":[1,16]},"_coverageSchema":"1a1c01bbd47fc00a2c39e90264f33305004495a9","hash":"1d2aaa39b38eec43512473ed9799b0589b1c172d"}
,"C:\\Users\\HP\\Documents\\Dion\\Hacktiv8\\Individual Project\\iproject-news-ai\\server\\middlewares\\errorHandler.js": {"path":"C:\\Users\\HP\\Documents\\Dion\\Hacktiv8\\Individual Project\\iproject-news-ai\\server\\middlewares\\errorHandler.js","statementMap":{"0":{"start":{"line":2,"column":4},"end":{"line":2,"column":21}},"1":{"start":{"line":4,"column":17},"end":{"line":4,"column":20}},"2":{"start":{"line":5,"column":18},"end":{"line":5,"column":41}},"3":{"start":{"line":7,"column":4},"end":{"line":19,"column":5}},"4":{"start":{"line":8,"column":8},"end":{"line":8,"column":21}},"5":{"start":{"line":9,"column":8},"end":{"line":9,"column":40}},"6":{"start":{"line":10,"column":11},"end":{"line":19,"column":5}},"7":{"start":{"line":11,"column":8},"end":{"line":11,"column":21}},"8":{"start":{"line":12,"column":8},"end":{"line":12,"column":46}},"9":{"start":{"line":13,"column":11},"end":{"line":19,"column":5}},"10":{"start":{"line":14,"column":8},"end":{"line":14,"column":21}},"11":{"start":{"line":15,"column":8},"end":{"line":15,"column":39}},"12":{"start":{"line":16,"column":11},"end":{"line":19,"column":5}},"13":{"start":{"line":17,"column":8},"end":{"line":17,"column":21}},"14":{"start":{"line":18,"column":8},"end":{"line":18,"column":35}},"15":{"start":{"line":21,"column":4},"end":{"line":21,"column":41}},"16":{"start":{"line":24,"column":0},"end":{"line":24,"column":30}}},"fnMap":{"0":{"name":"errorHandler","decl":{"start":{"line":1,"column":9},"end":{"line":1,"column":21}},"loc":{"start":{"line":1,"column":43},"end":{"line":22,"column":1}},"line":1}},"branchMap":{"0":{"loc":{"start":{"line":7,"column":4},"end":{"line":19,"column":5}},"type":"if","locations":[{"start":{"line":7,"column":4},"end":{"line":19,"column":5}},{"start":{"line":10,"column":11},"end":{"line":19,"column":5}}],"line":7},"1":{"loc":{"start":{"line":7,"column":8},"end":{"line":7,"column":96}},"type":"binary-expr","locations":[{"start":{"line":7,"column":8},"end":{"line":7,"column":47}},{"start":{"line":7,"column":51},"end":{"line":7,"column":96}}],"line":7},"2":{"loc":{"start":{"line":10,"column":11},"end":{"line":19,"column":5}},"type":"if","locations":[{"start":{"line":10,"column":11},"end":{"line":19,"column":5}},{"start":{"line":13,"column":11},"end":{"line":19,"column":5}}],"line":10},"3":{"loc":{"start":{"line":13,"column":11},"end":{"line":19,"column":5}},"type":"if","locations":[{"start":{"line":13,"column":11},"end":{"line":19,"column":5}},{"start":{"line":16,"column":11},"end":{"line":19,"column":5}}],"line":13},"4":{"loc":{"start":{"line":13,"column":15},"end":{"line":13,"column":81}},"type":"binary-expr","locations":[{"start":{"line":13,"column":15},"end":{"line":13,"column":45}},{"start":{"line":13,"column":49},"end":{"line":13,"column":81}}],"line":13},"5":{"loc":{"start":{"line":16,"column":11},"end":{"line":19,"column":5}},"type":"if","locations":[{"start":{"line":16,"column":11},"end":{"line":19,"column":5}},{"start":{},"end":{}}],"line":16}},"s":{"0":7,"1":7,"2":7,"3":7,"4":0,"5":0,"6":7,"7":0,"8":0,"9":7,"10":7,"11":7,"12":0,"13":0,"14":0,"15":7,"16":1},"f":{"0":7},"b":{"0":[0,7],"1":[7,7],"2":[0,7],"3":[7,0],"4":[7,2],"5":[0,0]},"_coverageSchema":"1a1c01bbd47fc00a2c39e90264f33305004495a9","hash":"33e8ac71d13651701aca6f0e5e99120b7af5cf8e"}
,"C:\\Users\\HP\\Documents\\Dion\\Hacktiv8\\Individual Project\\iproject-news-ai\\server\\models\\bookmark.js": {"path":"C:\\Users\\HP\\Documents\\Dion\\Hacktiv8\\Individual Project\\iproject-news-ai\\server\\models\\bookmark.js","statementMap":{"0":{"start":{"line":2,"column":18},"end":{"line":2,"column":38}},"1":{"start":{"line":4,"column":0},"end":{"line":31,"column":2}},"2":{"start":{"line":8,"column":6},"end":{"line":8,"column":64}},"3":{"start":{"line":12,"column":2},"end":{"line":29,"column":5}},"4":{"start":{"line":30,"column":2},"end":{"line":30,"column":18}}},"fnMap":{"0":{"name":"(anonymous_0)","decl":{"start":{"line":4,"column":17},"end":{"line":4,"column":18}},"loc":{"start":{"line":4,"column":43},"end":{"line":31,"column":1}},"line":4},"1":{"name":"(anonymous_1)","decl":{"start":{"line":6,"column":4},"end":{"line":6,"column":5}},"loc":{"start":{"line":6,"column":29},"end":{"line":9,"column":5}},"line":6}},"branchMap":{},"s":{"0":1,"1":1,"2":1,"3":1,"4":1},"f":{"0":1,"1":1},"b":{},"_coverageSchema":"1a1c01bbd47fc00a2c39e90264f33305004495a9","hash":"0d1b4590f857aad466e6314697901d9552697291"}
,"C:\\Users\\HP\\Documents\\Dion\\Hacktiv8\\Individual Project\\iproject-news-ai\\server\\models\\index.js": {"path":"C:\\Users\\HP\\Documents\\Dion\\Hacktiv8\\Individual Project\\iproject-news-ai\\server\\models\\index.js","statementMap":{"0":{"start":{"line":3,"column":11},"end":{"line":3,"column":24}},"1":{"start":{"line":4,"column":13},"end":{"line":4,"column":28}},"2":{"start":{"line":5,"column":18},"end":{"line":5,"column":38}},"3":{"start":{"line":6,"column":16},"end":{"line":6,"column":34}},"4":{"start":{"line":7,"column":17},"end":{"line":7,"column":42}},"5":{"start":{"line":8,"column":12},"end":{"line":8,"column":49}},"6":{"start":{"line":9,"column":15},"end":{"line":9,"column":65}},"7":{"start":{"line":10,"column":11},"end":{"line":10,"column":13}},"8":{"start":{"line":13,"column":0},"end":{"line":17,"column":1}},"9":{"start":{"line":14,"column":2},"end":{"line":14,"column":74}},"10":{"start":{"line":16,"column":2},"end":{"line":16,"column":87}},"11":{"start":{"line":19,"column":0},"end":{"line":32,"column":5}},"12":{"start":{"line":22,"column":4},"end":{"line":27,"column":6}},"13":{"start":{"line":30,"column":18},"end":{"line":30,"column":85}},"14":{"start":{"line":31,"column":4},"end":{"line":31,"column":27}},"15":{"start":{"line":34,"column":0},"end":{"line":38,"column":3}},"16":{"start":{"line":35,"column":2},"end":{"line":37,"column":3}},"17":{"start":{"line":36,"column":4},"end":{"line":36,"column":32}},"18":{"start":{"line":40,"column":0},"end":{"line":40,"column":25}},"19":{"start":{"line":41,"column":0},"end":{"line":41,"column":25}},"20":{"start":{"line":43,"column":0},"end":{"line":43,"column":20}}},"fnMap":{"0":{"name":"(anonymous_0)","decl":{"start":{"line":21,"column":10},"end":{"line":21,"column":11}},"loc":{"start":{"line":21,"column":18},"end":{"line":28,"column":3}},"line":21},"1":{"name":"(anonymous_1)","decl":{"start":{"line":29,"column":11},"end":{"line":29,"column":12}},"loc":{"start":{"line":29,"column":19},"end":{"line":32,"column":3}},"line":29},"2":{"name":"(anonymous_2)","decl":{"start":{"line":34,"column":24},"end":{"line":34,"column":25}},"loc":{"start":{"line":34,"column":37},"end":{"line":38,"column":1}},"line":34}},"branchMap":{"0":{"loc":{"start":{"line":8,"column":12},"end":{"line":8,"column":49}},"type":"binary-expr","locations":[{"start":{"line":8,"column":12},"end":{"line":8,"column":32}},{"start":{"line":8,"column":36},"end":{"line":8,"column":49}}],"line":8},"1":{"loc":{"start":{"line":13,"column":0},"end":{"line":17,"column":1}},"type":"if","locations":[{"start":{"line":13,"column":0},"end":{"line":17,"column":1}},{"start":{"line":15,"column":7},"end":{"line":17,"column":1}}],"line":13},"2":{"loc":{"start":{"line":23,"column":6},"end":{"line":26,"column":37}},"type":"binary-expr","locations":[{"start":{"line":23,"column":6},"end":{"line":23,"column":29}},{"start":{"line":24,"column":6},"end":{"line":24,"column":23}},{"start":{"line":25,"column":6},"end":{"line":25,"column":30}},{"start":{"line":26,"column":6},"end":{"line":26,"column":37}}],"line":23},"3":{"loc":{"start":{"line":35,"column":2},"end":{"line":37,"column":3}},"type":"if","locations":[{"start":{"line":35,"column":2},"end":{"line":37,"column":3}},{"start":{},"end":{}}],"line":35}},"s":{"0":1,"1":1,"2":1,"3":1,"4":1,"5":1,"6":1,"7":1,"8":1,"9":0,"10":1,"11":1,"12":3,"13":2,"14":2,"15":1,"16":2,"17":2,"18":1,"19":1,"20":1},"f":{"0":3,"1":2,"2":2},"b":{"0":[1,0],"1":[0,1],"2":[3,3,2,2],"3":[2,0]},"_coverageSchema":"1a1c01bbd47fc00a2c39e90264f33305004495a9","hash":"1e3c78c1885d8369e6b1a6b236a3490ad3dc60ed"}
,"C:\\Users\\HP\\Documents\\Dion\\Hacktiv8\\Individual Project\\iproject-news-ai\\server\\models\\user.js": {"path":"C:\\Users\\HP\\Documents\\Dion\\Hacktiv8\\Individual Project\\iproject-news-ai\\server\\models\\user.js","statementMap":{"0":{"start":{"line":2,"column":18},"end":{"line":2,"column":38}},"1":{"start":{"line":3,"column":15},"end":{"line":3,"column":34}},"2":{"start":{"line":5,"column":0},"end":{"line":45,"column":2}},"3":{"start":{"line":9,"column":6},"end":{"line":9,"column":62}},"4":{"start":{"line":13,"column":2},"end":{"line":43,"column":5}},"5":{"start":{"line":39,"column":21},"end":{"line":39,"column":43}},"6":{"start":{"line":40,"column":8},"end":{"line":40,"column":61}},"7":{"start":{"line":44,"column":2},"end":{"line":44,"column":14}}},"fnMap":{"0":{"name":"(anonymous_0)","decl":{"start":{"line":5,"column":17},"end":{"line":5,"column":18}},"loc":{"start":{"line":5,"column":43},"end":{"line":45,"column":1}},"line":5},"1":{"name":"(anonymous_1)","decl":{"start":{"line":7,"column":4},"end":{"line":7,"column":5}},"loc":{"start":{"line":7,"column":29},"end":{"line":10,"column":5}},"line":7},"2":{"name":"(anonymous_2)","decl":{"start":{"line":38,"column":20},"end":{"line":38,"column":21}},"loc":{"start":{"line":38,"column":30},"end":{"line":41,"column":7}},"line":38}},"branchMap":{},"s":{"0":1,"1":1,"2":1,"3":1,"4":1,"5":4,"6":4,"7":1},"f":{"0":1,"1":1,"2":4},"b":{},"_coverageSchema":"1a1c01bbd47fc00a2c39e90264f33305004495a9","hash":"4aaa6e3b7b7836357fa4f01734e404857e6d8eba"}
,"C:\\Users\\HP\\Documents\\Dion\\Hacktiv8\\Individual Project\\iproject-news-ai\\server\\routes\\index.js": {"path":"C:\\Users\\HP\\Documents\\Dion\\Hacktiv8\\Individual Project\\iproject-news-ai\\server\\routes\\index.js","statementMap":{"0":{"start":{"line":1,"column":16},"end":{"line":1,"column":34}},"1":{"start":{"line":2,"column":15},"end":{"line":2,"column":31}},"2":{"start":{"line":3,"column":19},"end":{"line":3,"column":55}},"3":{"start":{"line":4,"column":23},"end":{"line":4,"column":63}},"4":{"start":{"line":7,"column":0},"end":{"line":7,"column":95}},"5":{"start":{"line":7,"column":30},"end":{"line":7,"column":93}},"6":{"start":{"line":9,"column":0},"end":{"line":9,"column":46}},"7":{"start":{"line":10,"column":0},"end":{"line":10,"column":40}},"8":{"start":{"line":11,"column":0},"end":{"line":11,"column":53}},"9":{"start":{"line":12,"column":0},"end":{"line":12,"column":40}},"10":{"start":{"line":14,"column":0},"end":{"line":14,"column":27}},"11":{"start":{"line":17,"column":0},"end":{"line":17,"column":52}},"12":{"start":{"line":18,"column":0},"end":{"line":18,"column":50}},"13":{"start":{"line":19,"column":0},"end":{"line":19,"column":50}},"14":{"start":{"line":20,"column":0},"end":{"line":20,"column":59}},"15":{"start":{"line":21,"column":0},"end":{"line":21,"column":49}},"16":{"start":{"line":23,"column":0},"end":{"line":23,"column":24}}},"fnMap":{"0":{"name":"(anonymous_0)","decl":{"start":{"line":7,"column":16},"end":{"line":7,"column":17}},"loc":{"start":{"line":7,"column":30},"end":{"line":7,"column":93}},"line":7}},"branchMap":{},"s":{"0":1,"1":1,"2":1,"3":1,"4":1,"5":1,"6":1,"7":1,"8":1,"9":1,"10":1,"11":1,"12":1,"13":1,"14":1,"15":1,"16":1},"f":{"0":1},"b":{},"_coverageSchema":"1a1c01bbd47fc00a2c39e90264f33305004495a9","hash":"01b9e9b2b6bae484d13acf2cc10a1a58f8ee30da"}
}
