TN:
SF:app.js
FNF:0
FNH:0
DA:1,1
DA:2,1
DA:6,1
DA:7,1
DA:8,1
DA:9,1
DA:10,1
DA:12,1
DA:13,1
DA:14,1
DA:16,1
DA:18,1
DA:20,1
LF:13
LH:13
BRDA:1,0,0,1
BRDA:1,0,1,0
BRF:2
BRH:1
end_of_record
TN:
SF:controllers\Controller.js
FN:12,(anonymous_0)
FN:37,(anonymous_1)
FN:64,(anonymous_2)
FN:99,(anonymous_3)
FN:113,(anonymous_4)
FN:169,(anonymous_5)
FN:204,(anonymous_6)
FN:235,(anonymous_7)
FN:247,(anonymous_8)
FN:259,(anonymous_9)
FNF:10
FNH:10
FNDA:7,(anonymous_0)
FNDA:7,(anonymous_1)
FNDA:2,(anonymous_2)
FNDA:6,(anonymous_3)
FNDA:5,(anonymous_4)
FNDA:3,(anonymous_5)
FNDA:3,(anonymous_6)
FNDA:3,(anonymous_7)
FNDA:3,(anonymous_8)
FNDA:4,(anonymous_9)
DA:1,1
DA:2,1
DA:3,1
DA:4,1
DA:5,1
DA:6,1
DA:13,7
DA:14,7
DA:16,7
DA:23,1
DA:25,6
DA:26,6
DA:27,0
DA:29,6
DA:30,4
DA:32,2
DA:38,7
DA:39,7
DA:40,7
DA:42,4
DA:43,4
DA:45,2
DA:46,2
DA:48,1
DA:50,1
DA:57,6
DA:58,3
DA:59,3
DA:65,2
DA:66,2
DA:67,2
DA:68,2
DA:72,1
DA:74,1
DA:84,1
DA:85,1
DA:92,1
DA:93,1
DA:100,6
DA:101,6
DA:103,6
DA:105,6
DA:106,2
DA:107,4
DA:108,1
DA:111,6
DA:113,5
DA:123,5
DA:125,1
DA:129,1
DA:165,1
DA:170,3
DA:171,3
DA:174,3
DA:176,2
DA:177,2
DA:179,2
DA:183,2
DA:184,1
DA:186,1
DA:188,2
DA:192,2
DA:199,2
DA:205,3
DA:206,3
DA:209,3
DA:216,2
DA:217,1
DA:222,1
DA:229,1
DA:231,1
DA:236,3
DA:237,3
DA:241,2
DA:243,1
DA:248,3
DA:249,3
DA:250,3
DA:251,2
DA:253,1
DA:260,4
DA:261,4
DA:263,4
DA:265,3
DA:267,1
DA:272,1
LF:86
LH:85
BRDA:26,0,0,0
BRDA:26,0,1,6
BRDA:29,1,0,4
BRDA:29,1,1,2
BRDA:40,2,0,3
BRDA:40,2,1,4
BRDA:40,3,0,7
BRDA:40,3,1,5
BRDA:43,4,0,2
BRDA:43,4,1,2
BRDA:46,5,0,1
BRDA:46,5,1,1
BRDA:57,6,0,3
BRDA:57,6,1,3
BRDA:101,7,0,5
BRDA:105,8,0,2
BRDA:105,8,1,4
BRDA:107,9,0,1
BRDA:107,9,1,3
BRDA:107,10,0,4
BRDA:107,10,1,2
BRDA:174,11,0,1
BRDA:174,11,1,2
BRDA:216,12,0,1
BRDA:216,12,1,1
BRF:25
BRH:24
end_of_record
TN:
SF:helpers\jwt.js
FN:7,(anonymous_0)
FN:8,(anonymous_1)
FNF:2
FNH:2
FNDA:5,(anonymous_0)
FNDA:19,(anonymous_1)
DA:1,1
DA:2,1
DA:4,1
DA:5,0
DA:7,5
DA:8,19
DA:9,1
LF:7
LH:6
BRDA:4,0,0,0
BRDA:4,0,1,1
BRF:2
BRH:1
end_of_record
TN:
SF:middlewares\authentication.js
FN:4,authentication
FNF:1
FNH:1
FNDA:23,authentication
DA:1,1
DA:2,1
DA:5,23
DA:7,23
DA:8,23
DA:9,2
DA:14,21
DA:17,21
DA:18,2
DA:22,19
DA:25,17
DA:26,17
DA:27,1
DA:31,16
DA:36,16
DA:38,7
DA:42,1
LF:17
LH:17
BRDA:8,0,0,2
BRDA:8,0,1,21
BRDA:17,1,0,2
BRDA:17,1,1,19
BRDA:17,2,0,21
BRDA:17,2,1,19
BRDA:26,3,0,1
BRDA:26,3,1,16
BRF:8
BRH:8
end_of_record
TN:
SF:middlewares\errorHandler.js
FN:1,errorHandler
FNF:1
FNH:1
FNDA:7,errorHandler
DA:2,7
DA:4,7
DA:5,7
DA:7,7
DA:8,0
DA:9,0
DA:10,7
DA:11,0
DA:12,0
DA:13,7
DA:14,7
DA:15,7
DA:16,0
DA:17,0
DA:18,0
DA:21,7
DA:24,1
LF:17
LH:10
BRDA:7,0,0,0
BRDA:7,0,1,7
BRDA:7,1,0,7
BRDA:7,1,1,7
BRDA:10,2,0,0
BRDA:10,2,1,7
BRDA:13,3,0,7
BRDA:13,3,1,0
BRDA:13,4,0,7
BRDA:13,4,1,2
BRDA:16,5,0,0
BRDA:16,5,1,0
BRF:12
BRH:7
end_of_record
TN:
SF:models\bookmark.js
FN:4,(anonymous_0)
FN:6,(anonymous_1)
FNF:2
FNH:2
FNDA:1,(anonymous_0)
FNDA:1,(anonymous_1)
DA:2,1
DA:4,1
DA:8,1
DA:12,1
DA:30,1
LF:5
LH:5
BRF:0
BRH:0
end_of_record
TN:
SF:models\index.js
FN:21,(anonymous_0)
FN:29,(anonymous_1)
FN:34,(anonymous_2)
FNF:3
FNH:3
FNDA:3,(anonymous_0)
FNDA:2,(anonymous_1)
FNDA:2,(anonymous_2)
DA:3,1
DA:4,1
DA:5,1
DA:6,1
DA:7,1
DA:8,1
DA:9,1
DA:10,1
DA:13,1
DA:14,0
DA:16,1
DA:19,1
DA:22,3
DA:30,2
DA:31,2
DA:34,1
DA:35,2
DA:36,2
DA:40,1
DA:41,1
DA:43,1
LF:21
LH:20
BRDA:8,0,0,1
BRDA:8,0,1,0
BRDA:13,1,0,0
BRDA:13,1,1,1
BRDA:23,2,0,3
BRDA:23,2,1,3
BRDA:23,2,2,2
BRDA:23,2,3,2
BRDA:35,3,0,2
BRDA:35,3,1,0
BRF:10
BRH:7
end_of_record
TN:
SF:models\user.js
FN:5,(anonymous_0)
FN:7,(anonymous_1)
FN:38,(anonymous_2)
FNF:3
FNH:3
FNDA:1,(anonymous_0)
FNDA:1,(anonymous_1)
FNDA:4,(anonymous_2)
DA:2,1
DA:3,1
DA:5,1
DA:9,1
DA:13,1
DA:39,4
DA:40,4
DA:44,1
LF:8
LH:8
BRF:0
BRH:0
end_of_record
TN:
SF:routes\index.js
FN:7,(anonymous_0)
FNF:1
FNH:1
FNDA:1,(anonymous_0)
DA:1,1
DA:2,1
DA:3,1
DA:4,1
DA:7,1
DA:9,1
DA:10,1
DA:11,1
DA:12,1
DA:14,1
DA:17,1
DA:18,1
DA:19,1
DA:20,1
DA:21,1
DA:23,1
LF:16
LH:16
BRF:0
BRH:0
end_of_record
